<?xml version="1.0" encoding="UTF-8"?>
<!-- Generated by org.testng.reporters.JUnitXMLReporter -->
<testsuite hostname="REM-L-SINGHH" ignored="0" name="Test Get voicewatch_Get_Api Feature" tests="17" failures="1" timestamp="13 Oct 2019 10:59:04 GMT" time="142.167" errors="0">
  <testcase name="vw_Get_Test_Result" time="7.262" classname="voicewatchAPI.voicewatch_Get_API"/>
  <testcase name="vw_Get_dashboard" time="5.144" classname="voicewatchAPI.voicewatch_Get_API"/>
  <testcase name="VW_Variable" time="5.049" classname="voicewatchAPI.voicewatch_Get_API"/>
  <testcase name="VW_Tests" time="6.337" classname="voicewatchAPI.voicewatch_Get_API"/>
  <testcase name="VW_scripts" time="6.632" classname="voicewatchAPI.voicewatch_Get_API"/>
  <testcase name="script_summary" time="7.107" classname="voicewatchAPI.voicewatch_Get_API"/>
  <testcase name="VW_user_info" time="6.127" classname="voicewatchAPI.voicewatch_Get_API"/>
  <testcase name="clients" time="7.431" classname="voicewatchAPI.voicewatch_Get_API"/>
  <testcase name="parteners" time="6.304" classname="voicewatchAPI.voicewatch_Get_API"/>
  <testcase name="profiles" time="7.001" classname="voicewatchAPI.voicewatch_Get_API"/>
  <testcase name="clients_details" time="5.469" classname="voicewatchAPI.voicewatch_Get_API"/>
  <testcase name="hammer_details" time="6.753" classname="voicewatchAPI.voicewatch_Get_API"/>
  <testcase name="tags" time="6.352" classname="voicewatchAPI.voicewatch_Get_API"/>
  <testcase name="notification" time="6.75" classname="voicewatchAPI.voicewatch_Get_API"/>
  <testcase name="hammer_labels" time="8.188" classname="voicewatchAPI.voicewatch_Get_API"/>
  <testcase name="admin" time="5.736" classname="voicewatchAPI.voicewatch_Get_API"/>
  <testcase name="admin_dashboard" time="38.453" classname="voicewatchAPI.voicewatch_Get_API">
    <failure type="java.lang.AssertionError" message="1 expectation failed.
Expected status code &amp;lt;200&amp;gt; but was &amp;lt;408&amp;gt;.
">
      <![CDATA[java.lang.AssertionError: 1 expectation failed.
Expected status code <200> but was <408>.

at org.codehaus.groovy.runtime.callsite.ConstructorSite$ConstructorSiteNoUnwrap.callConstructor(ConstructorSite.java:84)
at org.codehaus.groovy.runtime.callsite.CallSiteArray.defaultCallConstructor(CallSiteArray.java:59)
at org.codehaus.groovy.runtime.callsite.AbstractCallSite.callConstructor(AbstractCallSite.java:237)
at org.codehaus.groovy.runtime.callsite.AbstractCallSite.callConstructor(AbstractCallSite.java:249)
at io.restassured.internal.ResponseSpecificationImpl$HamcrestAssertionClosure.validate(ResponseSpecificationImpl.groovy:493)
at io.restassured.internal.ResponseSpecificationImpl$HamcrestAssertionClosure$validate$1.call(Unknown Source)
at io.restassured.internal.ResponseSpecificationImpl.validateResponseIfRequired(ResponseSpecificationImpl.groovy:671)
at org.codehaus.groovy.runtime.callsite.PlainObjectMetaMethodSite.doInvoke(PlainObjectMetaMethodSite.java:43)
at org.codehaus.groovy.runtime.callsite.PogoMetaMethodSite$PogoCachedMethodSiteNoUnwrapNoCoerce.invoke(PogoMetaMethodSite.java:190)
at org.codehaus.groovy.runtime.callsite.PogoMetaMethodSite.callCurrent(PogoMetaMethodSite.java:58)
at org.codehaus.groovy.runtime.callsite.AbstractCallSite.callCurrent(AbstractCallSite.java:168)
at io.restassured.internal.ResponseSpecificationImpl.statusCode(ResponseSpecificationImpl.groovy:126)
at io.restassured.specification.ResponseSpecification$statusCode$0.callCurrent(Unknown Source)
at io.restassured.internal.ResponseSpecificationImpl.statusCode(ResponseSpecificationImpl.groovy:134)
at io.restassured.internal.ValidatableResponseOptionsImpl.statusCode(ValidatableResponseOptionsImpl.java:89)
at io.restassured.internal.ValidatableResponseImpl.super$2$statusCode(ValidatableResponseImpl.groovy)
at groovy.lang.MetaMethod.doMethodInvoke(MetaMethod.java:323)
at groovy.lang.MetaClassImpl.invokeMethod(MetaClassImpl.java:1217)
at org.codehaus.groovy.runtime.ScriptBytecodeAdapter.invokeMethodOnSuperN(ScriptBytecodeAdapter.java:144)
at io.restassured.internal.ValidatableResponseImpl.statusCode(ValidatableResponseImpl.groovy:142)
at io.restassured.internal.ValidatableResponseImpl.statusCode(ValidatableResponseImpl.groovy)
at voicewatchAPI.voicewatch_Get_API.admin_dashboard(voicewatch_Get_API.java:348)
... Removed 38 stack frames]]>
    </failure>
  </testcase> <!-- admin_dashboard -->
</testsuite> <!-- Test Get voicewatch_Get_Api Feature -->
