<?xml version="1.0" encoding="UTF-8"?>
<testng-results skipped="0" failed="2" ignored="0" total="18" passed="16">
  <reporter-output>
  </reporter-output>
  <suite name="Suite" duration-ms="122991" started-at="2019-10-12T06:46:12Z" finished-at="2019-10-12T06:48:15Z">
    <groups>
    </groups>
    <test name="Test Get voicewatch_Get_Api Feature" duration-ms="115940" started-at="2019-10-12T06:46:12Z" finished-at="2019-10-12T06:48:08Z">
      <class name="voicewatchAPI.voicewatch_Get_API">
        <test-method status="PASS" signature="getData()[pri:0, instance:voicewatchAPI.voicewatch_Get_API@52bf72b5]" name="getData" is-config="true" duration-ms="12" started-at="2019-10-12T06:46:12Z" finished-at="2019-10-12T06:46:12Z">
          <reporter-output>
          </reporter-output>
        </test-method> <!-- getData -->
        <test-method status="PASS" signature="vw_Get_Test_Result()[pri:1, instance:voicewatchAPI.voicewatch_Get_API@52bf72b5]" name="vw_Get_Test_Result" duration-ms="8198" started-at="2019-10-12T06:46:12Z" finished-at="2019-10-12T06:46:21Z">
          <reporter-output>
          </reporter-output>
        </test-method> <!-- vw_Get_Test_Result -->
        <test-method status="PASS" signature="vw_Get_vw_dashboard()[pri:2, instance:voicewatchAPI.voicewatch_Get_API@52bf72b5]" name="vw_Get_vw_dashboard" duration-ms="6351" started-at="2019-10-12T06:46:21Z" finished-at="2019-10-12T06:46:27Z">
          <reporter-output>
          </reporter-output>
        </test-method> <!-- vw_Get_vw_dashboard -->
        <test-method status="PASS" signature="VW_Variable()[pri:3, instance:voicewatchAPI.voicewatch_Get_API@52bf72b5]" name="VW_Variable" duration-ms="7336" started-at="2019-10-12T06:46:27Z" finished-at="2019-10-12T06:46:34Z">
          <reporter-output>
          </reporter-output>
        </test-method> <!-- VW_Variable -->
        <test-method status="PASS" signature="VW_Tests()[pri:4, instance:voicewatchAPI.voicewatch_Get_API@52bf72b5]" name="VW_Tests" duration-ms="11657" started-at="2019-10-12T06:46:34Z" finished-at="2019-10-12T06:46:46Z">
          <reporter-output>
          </reporter-output>
        </test-method> <!-- VW_Tests -->
        <test-method status="PASS" signature="VW_scripts()[pri:6, instance:voicewatchAPI.voicewatch_Get_API@52bf72b5]" name="VW_scripts" duration-ms="6656" started-at="2019-10-12T06:46:46Z" finished-at="2019-10-12T06:46:53Z">
          <reporter-output>
          </reporter-output>
        </test-method> <!-- VW_scripts -->
        <test-method status="PASS" signature="script_summary()[pri:7, instance:voicewatchAPI.voicewatch_Get_API@52bf72b5]" name="script_summary" duration-ms="6483" started-at="2019-10-12T06:46:53Z" finished-at="2019-10-12T06:46:59Z">
          <reporter-output>
          </reporter-output>
        </test-method> <!-- script_summary -->
        <test-method status="PASS" signature="VW_user_info()[pri:8, instance:voicewatchAPI.voicewatch_Get_API@52bf72b5]" name="VW_user_info" duration-ms="6677" started-at="2019-10-12T06:46:59Z" finished-at="2019-10-12T06:47:06Z">
          <reporter-output>
          </reporter-output>
        </test-method> <!-- VW_user_info -->
        <test-method status="PASS" signature="clients()[pri:9, instance:voicewatchAPI.voicewatch_Get_API@52bf72b5]" name="clients" duration-ms="6603" started-at="2019-10-12T06:47:06Z" finished-at="2019-10-12T06:47:12Z">
          <reporter-output>
          </reporter-output>
        </test-method> <!-- clients -->
        <test-method status="PASS" signature="parteners()[pri:10, instance:voicewatchAPI.voicewatch_Get_API@52bf72b5]" name="parteners" duration-ms="6173" started-at="2019-10-12T06:47:12Z" finished-at="2019-10-12T06:47:19Z">
          <reporter-output>
          </reporter-output>
        </test-method> <!-- parteners -->
        <test-method status="PASS" signature="profiles()[pri:11, instance:voicewatchAPI.voicewatch_Get_API@52bf72b5]" name="profiles" duration-ms="7348" started-at="2019-10-12T06:47:19Z" finished-at="2019-10-12T06:47:26Z">
          <reporter-output>
          </reporter-output>
        </test-method> <!-- profiles -->
        <test-method status="PASS" signature="clients_details()[pri:12, instance:voicewatchAPI.voicewatch_Get_API@52bf72b5]" name="clients_details" duration-ms="5935" started-at="2019-10-12T06:47:26Z" finished-at="2019-10-12T06:47:32Z">
          <reporter-output>
          </reporter-output>
        </test-method> <!-- clients_details -->
        <test-method status="PASS" signature="hammer_details()[pri:13, instance:voicewatchAPI.voicewatch_Get_API@52bf72b5]" name="hammer_details" duration-ms="6558" started-at="2019-10-12T06:47:32Z" finished-at="2019-10-12T06:47:38Z">
          <reporter-output>
          </reporter-output>
        </test-method> <!-- hammer_details -->
        <test-method status="PASS" signature="tags()[pri:14, instance:voicewatchAPI.voicewatch_Get_API@52bf72b5]" name="tags" duration-ms="6278" started-at="2019-10-12T06:47:38Z" finished-at="2019-10-12T06:47:45Z">
          <reporter-output>
          </reporter-output>
        </test-method> <!-- tags -->
        <test-method status="PASS" signature="notification()[pri:15, instance:voicewatchAPI.voicewatch_Get_API@52bf72b5]" name="notification" duration-ms="5801" started-at="2019-10-12T06:47:45Z" finished-at="2019-10-12T06:47:51Z">
          <reporter-output>
          </reporter-output>
        </test-method> <!-- notification -->
        <test-method status="FAIL" signature="hammer_labels()[pri:16, instance:voicewatchAPI.voicewatch_Get_API@52bf72b5]" name="hammer_labels" duration-ms="5573" started-at="2019-10-12T06:47:51Z" finished-at="2019-10-12T06:47:56Z">
          <exception class="java.lang.AssertionError">
            <message>
              <![CDATA[1 expectation failed.
Expected header "X-Content-Type-Options" was not "nosniff", was "null". Headers are:
Set-Cookie=JSESSIONID=8C2B921E3C5CB4B0A86905075585FBEB; Path=/; Secure; HttpOnly
Accept-Ranges=bytes
ETag=W/"18475-1570681260000"
Last-Modified=Thu, 10 Oct 2019 04:21:00 GMT
Content-Type=text/html
Content-Length=18475
Date=Sat, 12 Oct 2019 06:44:01 GMT
]]>
            </message>
            <full-stacktrace>
              <![CDATA[java.lang.AssertionError: 1 expectation failed.
Expected header "X-Content-Type-Options" was not "nosniff", was "null". Headers are:
Set-Cookie=JSESSIONID=8C2B921E3C5CB4B0A86905075585FBEB; Path=/; Secure; HttpOnly
Accept-Ranges=bytes
ETag=W/"18475-1570681260000"
Last-Modified=Thu, 10 Oct 2019 04:21:00 GMT
Content-Type=text/html
Content-Length=18475
Date=Sat, 12 Oct 2019 06:44:01 GMT

at sun.reflect.NativeConstructorAccessorImpl.newInstance0(Native Method)
at sun.reflect.NativeConstructorAccessorImpl.newInstance(NativeConstructorAccessorImpl.java:62)
at sun.reflect.DelegatingConstructorAccessorImpl.newInstance(DelegatingConstructorAccessorImpl.java:45)
at java.lang.reflect.Constructor.newInstance(Constructor.java:423)
at org.codehaus.groovy.reflection.CachedConstructor.invoke(CachedConstructor.java:80)
at org.codehaus.groovy.reflection.CachedConstructor.doConstructorInvoke(CachedConstructor.java:74)
at org.codehaus.groovy.runtime.callsite.ConstructorSite$ConstructorSiteNoUnwrap.callConstructor(ConstructorSite.java:84)
at org.codehaus.groovy.runtime.callsite.CallSiteArray.defaultCallConstructor(CallSiteArray.java:59)
at org.codehaus.groovy.runtime.callsite.AbstractCallSite.callConstructor(AbstractCallSite.java:237)
at org.codehaus.groovy.runtime.callsite.AbstractCallSite.callConstructor(AbstractCallSite.java:249)
at io.restassured.internal.ResponseSpecificationImpl$HamcrestAssertionClosure.validate(ResponseSpecificationImpl.groovy:493)
at io.restassured.internal.ResponseSpecificationImpl$HamcrestAssertionClosure$validate$1.call(Unknown Source)
at io.restassured.internal.ResponseSpecificationImpl.validateResponseIfRequired(ResponseSpecificationImpl.groovy:671)
at sun.reflect.GeneratedMethodAccessor69.invoke(Unknown Source)
at sun.reflect.DelegatingMethodAccessorImpl.invoke(DelegatingMethodAccessorImpl.java:43)
at java.lang.reflect.Method.invoke(Method.java:498)
at org.codehaus.groovy.runtime.callsite.PlainObjectMetaMethodSite.doInvoke(PlainObjectMetaMethodSite.java:43)
at org.codehaus.groovy.runtime.callsite.PogoMetaMethodSite$PogoCachedMethodSiteNoUnwrapNoCoerce.invoke(PogoMetaMethodSite.java:190)
at org.codehaus.groovy.runtime.callsite.PogoMetaMethodSite.callCurrent(PogoMetaMethodSite.java:58)
at org.codehaus.groovy.runtime.callsite.AbstractCallSite.callCurrent(AbstractCallSite.java:168)
at io.restassured.internal.ResponseSpecificationImpl.header(ResponseSpecificationImpl.groovy:182)
at io.restassured.specification.ResponseSpecification$header$1.callCurrent(Unknown Source)
at io.restassured.internal.ResponseSpecificationImpl.header(ResponseSpecificationImpl.groovy:189)
at io.restassured.internal.ValidatableResponseOptionsImpl.header(ValidatableResponseOptionsImpl.java:124)
at io.restassured.internal.ValidatableResponseImpl.super$2$header(ValidatableResponseImpl.groovy)
at sun.reflect.NativeMethodAccessorImpl.invoke0(Native Method)
at sun.reflect.NativeMethodAccessorImpl.invoke(NativeMethodAccessorImpl.java:62)
at sun.reflect.DelegatingMethodAccessorImpl.invoke(DelegatingMethodAccessorImpl.java:43)
at java.lang.reflect.Method.invoke(Method.java:498)
at org.codehaus.groovy.reflection.CachedMethod.invoke(CachedMethod.java:101)
at groovy.lang.MetaMethod.doMethodInvoke(MetaMethod.java:323)
at groovy.lang.MetaClassImpl.invokeMethod(MetaClassImpl.java:1217)
at org.codehaus.groovy.runtime.ScriptBytecodeAdapter.invokeMethodOnSuperN(ScriptBytecodeAdapter.java:144)
at io.restassured.internal.ValidatableResponseImpl.header(ValidatableResponseImpl.groovy:184)
at io.restassured.internal.ValidatableResponseImpl.header(ValidatableResponseImpl.groovy)
at voicewatchAPI.voicewatch_Get_API.hammer_labels(voicewatch_Get_API.java:274)
at sun.reflect.NativeMethodAccessorImpl.invoke0(Native Method)
at sun.reflect.NativeMethodAccessorImpl.invoke(NativeMethodAccessorImpl.java:62)
at sun.reflect.DelegatingMethodAccessorImpl.invoke(DelegatingMethodAccessorImpl.java:43)
at java.lang.reflect.Method.invoke(Method.java:498)
at org.testng.internal.MethodInvocationHelper.invokeMethod(MethodInvocationHelper.java:124)
at org.testng.internal.Invoker.invokeMethod(Invoker.java:583)
at org.testng.internal.Invoker.invokeTestMethod(Invoker.java:719)
at org.testng.internal.Invoker.invokeTestMethods(Invoker.java:989)
at org.testng.internal.TestMethodWorker.invokeTestMethods(TestMethodWorker.java:125)
at org.testng.internal.TestMethodWorker.run(TestMethodWorker.java:109)
at org.testng.TestRunner.privateRun(TestRunner.java:648)
at org.testng.TestRunner.run(TestRunner.java:505)
at org.testng.SuiteRunner.runTest(SuiteRunner.java:455)
at org.testng.SuiteRunner.runSequentially(SuiteRunner.java:450)
at org.testng.SuiteRunner.privateRun(SuiteRunner.java:415)
at org.testng.SuiteRunner.run(SuiteRunner.java:364)
at org.testng.SuiteRunnerWorker.runSuite(SuiteRunnerWorker.java:52)
at org.testng.SuiteRunnerWorker.run(SuiteRunnerWorker.java:84)
at org.testng.TestNG.runSuitesSequentially(TestNG.java:1208)
at org.testng.TestNG.runSuitesLocally(TestNG.java:1137)
at org.testng.TestNG.runSuites(TestNG.java:1049)
at org.testng.TestNG.run(TestNG.java:1017)
at org.apache.maven.surefire.testng.TestNGExecutor.run(TestNGExecutor.java:283)
at org.apache.maven.surefire.testng.TestNGXmlTestSuite.execute(TestNGXmlTestSuite.java:75)
at org.apache.maven.surefire.testng.TestNGProvider.invoke(TestNGProvider.java:120)
at org.apache.maven.surefire.booter.ForkedBooter.invokeProviderInSameClassLoader(ForkedBooter.java:383)
at org.apache.maven.surefire.booter.ForkedBooter.runSuitesInProcess(ForkedBooter.java:344)
at org.apache.maven.surefire.booter.ForkedBooter.execute(ForkedBooter.java:125)
at org.apache.maven.surefire.booter.ForkedBooter.main(ForkedBooter.java:417)
]]>
            </full-stacktrace>
          </exception> <!-- java.lang.AssertionError -->
          <reporter-output>
          </reporter-output>
        </test-method> <!-- hammer_labels -->
        <test-method status="PASS" signature="admin()[pri:17, instance:voicewatchAPI.voicewatch_Get_API@52bf72b5]" name="admin" duration-ms="5684" started-at="2019-10-12T06:47:56Z" finished-at="2019-10-12T06:48:02Z">
          <reporter-output>
          </reporter-output>
        </test-method> <!-- admin -->
        <test-method status="PASS" signature="admin_dashboard()[pri:18, instance:voicewatchAPI.voicewatch_Get_API@52bf72b5]" name="admin_dashboard" duration-ms="6573" started-at="2019-10-12T06:48:02Z" finished-at="2019-10-12T06:48:08Z">
          <reporter-output>
          </reporter-output>
        </test-method> <!-- admin_dashboard -->
      </class> <!-- voicewatchAPI.voicewatch_Get_API -->
    </test> <!-- Test Get voicewatch_Get_Api Feature -->
    <test name="Test Post voicewatch_Post_Api Feature" duration-ms="7019" started-at="2019-10-12T06:48:08Z" finished-at="2019-10-12T06:48:15Z">
      <class name="voicewatchAPI.voicewatch_Post_API">
        <test-method status="PASS" signature="getData()[pri:0, instance:voicewatchAPI.voicewatch_Post_API@2b662a77]" name="getData" is-config="true" duration-ms="4" started-at="2019-10-12T06:48:08Z" finished-at="2019-10-12T06:48:08Z">
          <reporter-output>
          </reporter-output>
        </test-method> <!-- getData -->
        <test-method status="FAIL" signature="vw_post_Tag()[pri:1, instance:voicewatchAPI.voicewatch_Post_API@2b662a77]" name="vw_post_Tag" duration-ms="7015" started-at="2019-10-12T06:48:08Z" finished-at="2019-10-12T06:48:15Z">
          <exception class="java.lang.NullPointerException">
            <full-stacktrace>
              <![CDATA[java.lang.NullPointerException
at voicewatchAPI.voicewatch_Post_API.vw_post_Tag(voicewatch_Post_API.java:56)
at sun.reflect.NativeMethodAccessorImpl.invoke0(Native Method)
at sun.reflect.NativeMethodAccessorImpl.invoke(NativeMethodAccessorImpl.java:62)
at sun.reflect.DelegatingMethodAccessorImpl.invoke(DelegatingMethodAccessorImpl.java:43)
at java.lang.reflect.Method.invoke(Method.java:498)
at org.testng.internal.MethodInvocationHelper.invokeMethod(MethodInvocationHelper.java:124)
at org.testng.internal.Invoker.invokeMethod(Invoker.java:583)
at org.testng.internal.Invoker.invokeTestMethod(Invoker.java:719)
at org.testng.internal.Invoker.invokeTestMethods(Invoker.java:989)
at org.testng.internal.TestMethodWorker.invokeTestMethods(TestMethodWorker.java:125)
at org.testng.internal.TestMethodWorker.run(TestMethodWorker.java:109)
at org.testng.TestRunner.privateRun(TestRunner.java:648)
at org.testng.TestRunner.run(TestRunner.java:505)
at org.testng.SuiteRunner.runTest(SuiteRunner.java:455)
at org.testng.SuiteRunner.runSequentially(SuiteRunner.java:450)
at org.testng.SuiteRunner.privateRun(SuiteRunner.java:415)
at org.testng.SuiteRunner.run(SuiteRunner.java:364)
at org.testng.SuiteRunnerWorker.runSuite(SuiteRunnerWorker.java:52)
at org.testng.SuiteRunnerWorker.run(SuiteRunnerWorker.java:84)
at org.testng.TestNG.runSuitesSequentially(TestNG.java:1208)
at org.testng.TestNG.runSuitesLocally(TestNG.java:1137)
at org.testng.TestNG.runSuites(TestNG.java:1049)
at org.testng.TestNG.run(TestNG.java:1017)
at org.apache.maven.surefire.testng.TestNGExecutor.run(TestNGExecutor.java:283)
at org.apache.maven.surefire.testng.TestNGXmlTestSuite.execute(TestNGXmlTestSuite.java:75)
at org.apache.maven.surefire.testng.TestNGProvider.invoke(TestNGProvider.java:120)
at org.apache.maven.surefire.booter.ForkedBooter.invokeProviderInSameClassLoader(ForkedBooter.java:383)
at org.apache.maven.surefire.booter.ForkedBooter.runSuitesInProcess(ForkedBooter.java:344)
at org.apache.maven.surefire.booter.ForkedBooter.execute(ForkedBooter.java:125)
at org.apache.maven.surefire.booter.ForkedBooter.main(ForkedBooter.java:417)
]]>
            </full-stacktrace>
          </exception> <!-- java.lang.NullPointerException -->
          <reporter-output>
          </reporter-output>
        </test-method> <!-- vw_post_Tag -->
      </class> <!-- voicewatchAPI.voicewatch_Post_API -->
    </test> <!-- Test Post voicewatch_Post_Api Feature -->
  </suite> <!-- Suite -->
</testng-results>
